TN:
SF:src\App.tsx
FN:15,App
FN:23,(anonymous_1)
FN:32,(anonymous_2)
FN:40,(anonymous_3)
FN:41,(anonymous_4)
FNF:5
FNH:0
FNDA:0,App
FNDA:0,(anonymous_1)
FNDA:0,(anonymous_2)
FNDA:0,(anonymous_3)
FNDA:0,(anonymous_4)
DA:16,0
DA:17,0
DA:18,0
DA:22,0
DA:23,0
DA:24,0
DA:25,0
DA:26,0
DA:27,0
DA:28,0
DA:32,0
DA:33,0
DA:34,0
DA:35,0
DA:39,0
DA:40,0
DA:41,0
DA:45,0
LF:18
LH:0
BRDA:24,0,0,0
BRDA:24,0,1,0
BRDA:25,1,0,0
BRDA:25,1,1,0
BRDA:25,2,0,0
BRDA:25,2,1,0
BRDA:25,2,2,0
BRDA:27,3,0,0
BRDA:27,3,1,0
BRDA:34,4,0,0
BRDA:34,4,1,0
BRDA:34,5,0,0
BRDA:34,5,1,0
BRDA:40,6,0,0
BRDA:40,6,1,0
BRDA:41,7,0,0
BRDA:41,7,1,0
BRDA:41,8,0,0
BRDA:41,8,1,0
BRDA:66,9,0,0
BRDA:66,9,1,0
BRDA:70,10,0,0
BRDA:70,10,1,0
BRDA:70,10,2,0
BRDA:70,10,3,0
BRDA:77,11,0,0
BRDA:77,11,1,0
BRDA:77,11,2,0
BRDA:81,12,0,0
BRDA:81,12,1,0
BRDA:94,13,0,0
BRDA:94,13,1,0
BRDA:94,13,2,0
BRF:33
BRH:0
end_of_record
TN:
SF:src\apiClient.ts
FNF:0
FNH:0
DA:7,0
DA:8,0
DA:10,0
LF:3
LH:0
BRDA:7,0,0,0
BRDA:7,0,1,0
BRF:2
BRH:0
end_of_record
TN:
SF:src\format.ts
FN:12,formatBytes
FN:21,getFileCategory
FNF:2
FNH:2
FNDA:78,formatBytes
FNDA:81,getFileCategory
DA:9,2
DA:10,2
DA:13,78
DA:14,74
DA:15,72
DA:16,1
DA:22,81
DA:23,64
DA:24,9
DA:25,5
DA:26,4
DA:33,1
DA:35,3
LF:13
LH:13
BRDA:12,0,0,78
BRDA:13,1,0,4
BRDA:13,1,1,74
BRDA:14,2,0,2
BRDA:14,2,1,72
BRDA:15,3,0,71
BRDA:15,3,1,1
BRDA:22,4,0,17
BRDA:22,4,1,64
BRDA:23,5,0,55
BRDA:23,5,1,9
BRDA:24,6,0,4
BRDA:24,6,1,5
BRDA:25,7,0,1
BRDA:25,7,1,4
BRDA:26,8,0,1
BRDA:26,8,1,3
BRDA:27,9,0,4
BRDA:27,9,1,4
BRDA:27,9,2,4
BRDA:27,9,3,4
BRDA:27,9,4,3
BRF:22
BRH:22
end_of_record
TN:
SF:src\i18n.ts
FN:105,getInitialLocale
FN:118,I18nProvider
FN:124,(anonymous_2)
FN:128,(anonymous_3)
FN:133,(anonymous_4)
FN:138,useI18n
FNF:6
FNH:6
FNDA:45,getInitialLocale
FNDA:47,I18nProvider
FNDA:47,(anonymous_2)
FNDA:2,(anonymous_3)
FNDA:534,(anonymous_4)
FNDA:70,useI18n
DA:5,6
DA:14,6
DA:106,45
DA:107,45
DA:116,6
DA:119,47
DA:124,47
DA:125,47
DA:128,47
DA:129,2
DA:130,2
DA:133,534
DA:135,47
DA:139,70
DA:140,70
DA:141,66
LF:16
LH:16
BRDA:107,0,0,1
BRDA:107,0,1,44
BRDA:107,1,0,45
BRDA:107,1,1,44
BRDA:133,2,0,534
BRDA:133,2,1,5
BRDA:140,3,0,4
BRDA:140,3,1,66
BRF:8
BRH:8
end_of_record
TN:
SF:src\notify.ts
FN:4,notify
FNF:1
FNH:1
FNDA:5,notify
DA:5,5
DA:6,5
DA:7,1
DA:8,1
DA:11,4
DA:12,4
DA:13,1
DA:14,3
DA:15,2
DA:16,2
LF:10
LH:10
BRDA:6,0,0,1
BRDA:6,0,1,4
BRDA:11,1,0,0
BRDA:11,1,1,4
BRDA:12,2,0,1
BRDA:12,2,1,3
BRDA:14,3,0,2
BRDA:14,3,1,1
BRDA:16,4,0,1
BRDA:16,4,1,1
BRF:10
BRH:9
end_of_record
TN:
SF:src\components\ExtractionForm.tsx
FN:23,ExtractionForm
FN:45,(anonymous_1)
FN:58,(anonymous_2)
FN:63,(anonymous_3)
FN:65,(anonymous_4)
FN:73,(anonymous_5)
FN:78,(anonymous_6)
FN:79,(anonymous_7)
FN:80,(anonymous_8)
FN:84,(anonymous_9)
FN:130,(anonymous_10)
FN:143,(anonymous_11)
FN:148,(anonymous_12)
FN:164,(anonymous_13)
FN:169,(anonymous_14)
FN:187,(anonymous_15)
FN:195,(anonymous_16)
FN:207,(anonymous_17)
FN:221,(anonymous_18)
FN:224,(anonymous_19)
FN:243,(anonymous_20)
FN:243,(anonymous_21)
FN:260,(anonymous_22)
FN:268,(anonymous_23)
FN:272,(anonymous_24)
FN:283,(anonymous_25)
FN:292,(anonymous_26)
FN:300,(anonymous_27)
FN:307,(anonymous_28)
FN:333,(anonymous_29)
FN:340,(anonymous_30)
FNF:31
FNH:16
FNDA:82,ExtractionForm
FNDA:2,(anonymous_1)
FNDA:0,(anonymous_2)
FNDA:0,(anonymous_3)
FNDA:2,(anonymous_4)
FNDA:1,(anonymous_5)
FNDA:1,(anonymous_6)
FNDA:1,(anonymous_7)
FNDA:0,(anonymous_8)
FNDA:3,(anonymous_9)
FNDA:57,(anonymous_10)
FNDA:492,(anonymous_11)
FNDA:1,(anonymous_12)
FNDA:328,(anonymous_13)
FNDA:1,(anonymous_14)
FNDA:5,(anonymous_15)
FNDA:7,(anonymous_16)
FNDA:0,(anonymous_17)
FNDA:0,(anonymous_18)
FNDA:0,(anonymous_19)
FNDA:1,(anonymous_20)
FNDA:1,(anonymous_21)
FNDA:0,(anonymous_22)
FNDA:0,(anonymous_23)
FNDA:0,(anonymous_24)
FNDA:0,(anonymous_25)
FNDA:0,(anonymous_26)
FNDA:0,(anonymous_27)
FNDA:0,(anonymous_28)
FNDA:0,(anonymous_29)
FNDA:0,(anonymous_30)
DA:12,1
DA:21,1
DA:24,82
DA:25,82
DA:26,82
DA:27,82
DA:28,82
DA:29,82
DA:30,82
DA:31,82
DA:32,82
DA:33,82
DA:34,82
DA:35,82
DA:36,82
DA:37,82
DA:38,82
DA:39,82
DA:40,82
DA:41,82
DA:42,82
DA:43,82
DA:45,82
DA:46,2
DA:47,2
DA:48,2
DA:49,2
DA:50,2
DA:51,2
DA:55,1
DA:58,82
DA:59,0
DA:60,0
DA:63,82
DA:65,82
DA:66,2
DA:67,2
DA:68,2
DA:69,2
DA:70,2
DA:73,82
DA:74,1
DA:75,0
DA:76,0
DA:78,1
DA:79,1
DA:80,1
DA:84,82
DA:85,3
DA:86,3
DA:88,3
DA:104,3
DA:105,1
DA:106,2
DA:107,0
DA:108,2
DA:109,0
DA:112,3
DA:115,82
DA:130,57
DA:144,492
DA:148,1
DA:165,328
DA:169,1
DA:187,5
DA:195,7
DA:207,0
DA:221,0
DA:225,0
DA:243,1
DA:260,0
DA:268,0
DA:272,0
DA:283,0
DA:292,0
DA:300,0
DA:307,0
DA:333,0
DA:340,0
LF:79
LH:61
BRDA:48,0,0,2
BRDA:48,0,1,0
BRDA:48,0,2,0
BRDA:51,1,0,1
BRDA:51,1,1,1
BRDA:51,2,0,2
BRDA:51,2,1,2
BRDA:60,3,0,0
BRDA:60,3,1,0
BRDA:68,4,0,0
BRDA:68,4,1,2
BRDA:70,5,0,1
BRDA:70,5,1,1
BRDA:74,6,0,0
BRDA:74,6,1,1
BRDA:80,7,0,0
BRDA:80,7,1,1
BRDA:86,8,0,0
BRDA:86,8,1,3
BRDA:90,9,0,3
BRDA:90,9,1,0
BRDA:92,10,0,3
BRDA:92,10,1,3
BRDA:97,11,0,0
BRDA:97,11,1,3
BRDA:98,12,0,3
BRDA:98,12,1,3
BRDA:99,13,0,3
BRDA:99,13,1,3
BRDA:104,14,0,1
BRDA:104,14,1,2
BRDA:106,15,0,0
BRDA:106,15,1,2
BRDA:108,16,0,0
BRDA:108,16,1,2
BRDA:119,17,0,0
BRDA:119,17,1,82
BRDA:134,18,0,82
BRDA:134,18,1,81
BRDA:135,19,0,1
BRDA:135,19,1,81
BRDA:147,20,0,82
BRDA:147,20,1,410
BRDA:168,21,0,82
BRDA:168,21,1,246
BRDA:172,22,0,328
BRDA:172,22,1,82
BRDA:173,23,0,328
BRDA:173,23,1,82
BRDA:174,24,0,328
BRDA:174,24,1,82
BRDA:175,25,0,328
BRDA:175,25,1,82
BRDA:180,26,0,82
BRDA:180,26,1,13
BRDA:201,27,0,82
BRDA:201,27,1,0
BRDA:214,28,0,82
BRDA:214,28,1,0
BRDA:245,29,0,1
BRDA:245,29,1,81
BRDA:249,30,0,82
BRDA:249,30,1,1
BRDA:303,31,0,1
BRDA:303,31,1,0
BRF:65
BRH:49
end_of_record
TN:
SF:src\components\FileList.tsx
FN:46,FileList
FN:52,(anonymous_1)
FN:55,(anonymous_2)
FN:56,(anonymous_3)
FN:60,(anonymous_4)
FN:69,(anonymous_5)
FN:70,(anonymous_6)
FN:74,(anonymous_7)
FN:75,(anonymous_8)
FN:83,(anonymous_9)
FN:84,(anonymous_10)
FN:85,(anonymous_11)
FN:87,(anonymous_12)
FN:92,(anonymous_13)
FN:93,(anonymous_14)
FN:94,(anonymous_15)
FN:134,(anonymous_16)
FN:140,(anonymous_17)
FN:173,(anonymous_18)
FN:187,(anonymous_19)
FN:208,(anonymous_20)
FN:250,(anonymous_21)
FNF:22
FNH:22
FNDA:29,FileList
FNDA:2,(anonymous_1)
FNDA:19,(anonymous_2)
FNDA:32,(anonymous_3)
FNDA:14,(anonymous_4)
FNDA:14,(anonymous_5)
FNDA:22,(anonymous_6)
FNDA:1,(anonymous_7)
FNDA:1,(anonymous_8)
FNDA:31,(anonymous_9)
FNDA:2,(anonymous_10)
FNDA:2,(anonymous_11)
FNDA:4,(anonymous_12)
FNDA:1,(anonymous_13)
FNDA:3,(anonymous_14)
FNDA:3,(anonymous_15)
FNDA:174,(anonymous_16)
FNDA:5,(anonymous_17)
FNDA:40,(anonymous_18)
FNDA:1,(anonymous_19)
FNDA:5,(anonymous_20)
FNDA:1,(anonymous_21)
DA:20,1
DA:29,1
DA:41,1
DA:44,1
DA:47,29
DA:48,29
DA:49,29
DA:50,29
DA:52,29
DA:53,29
DA:55,29
DA:56,32
DA:60,29
DA:61,14
DA:62,14
DA:63,22
DA:64,22
DA:66,14
DA:69,29
DA:70,22
DA:74,29
DA:75,1
DA:76,1
DA:77,1
DA:78,1
DA:79,1
DA:83,31
DA:84,29
DA:85,2
DA:86,2
DA:87,4
DA:88,2
DA:92,29
DA:93,1
DA:94,3
DA:95,3
DA:96,3
DA:97,3
DA:98,3
DA:99,3
DA:100,3
DA:105,29
DA:107,29
DA:135,174
DA:140,5
DA:174,40
DA:175,40
DA:176,40
DA:177,40
DA:187,1
DA:208,5
DA:250,1
LF:52
LH:52
BRDA:56,0,0,32
BRDA:56,0,1,8
BRDA:64,1,0,22
BRDA:64,1,1,20
BRDA:70,2,0,22
BRDA:70,2,1,0
BRDA:77,3,0,0
BRDA:77,3,1,1
BRDA:83,4,0,29
BRDA:83,4,1,28
BRDA:87,5,0,0
BRDA:87,5,1,4
BRDA:105,6,0,5
BRDA:105,6,1,24
BRDA:117,7,0,29
BRDA:117,7,1,1
BRDA:139,8,0,29
BRDA:139,8,1,145
BRDA:144,9,0,29
BRDA:144,9,1,145
BRDA:144,10,0,145
BRDA:144,10,1,104
BRDA:150,11,0,29
BRDA:150,11,1,28
BRDA:158,12,0,2
BRDA:158,12,1,26
BRDA:161,13,0,28
BRDA:161,13,1,5
BRDA:169,14,0,1
BRDA:169,14,1,28
BRDA:192,15,0,6
BRDA:192,15,1,34
BRDA:195,16,0,40
BRDA:195,16,1,0
BRDA:199,17,0,40
BRDA:199,17,1,0
BRDA:204,18,0,31
BRDA:204,18,1,9
BRDA:214,19,0,31
BRDA:214,19,1,0
BRDA:222,20,0,9
BRDA:222,20,1,0
BRDA:241,21,0,29
BRDA:241,21,1,5
BRDA:264,22,0,5
BRDA:264,22,1,5
BRDA:267,23,0,5
BRDA:267,23,1,0
BRDA:270,24,0,5
BRDA:270,24,1,0
BRF:50
BRH:41
end_of_record
TN:
SF:src\components\FilterRulesEditor.tsx
FN:21,FilterRulesEditor
FN:36,(anonymous_1)
FN:44,(anonymous_2)
FN:45,(anonymous_3)
FN:55,(anonymous_4)
FN:60,(anonymous_5)
FN:74,(anonymous_6)
FN:75,(anonymous_7)
FN:105,(anonymous_8)
FN:123,(anonymous_9)
FNF:10
FNH:9
FNDA:47,FilterRulesEditor
FNDA:7,(anonymous_1)
FNDA:1,(anonymous_2)
FNDA:2,(anonymous_3)
FNDA:21,(anonymous_4)
FNDA:1,(anonymous_5)
FNDA:26,(anonymous_6)
FNDA:32,(anonymous_7)
FNDA:0,(anonymous_8)
FNDA:3,(anonymous_9)
DA:15,2
DA:27,47
DA:31,47
DA:32,47
DA:33,47
DA:34,47
DA:36,47
DA:37,7
DA:38,7
DA:39,6
DA:40,6
DA:41,6
DA:44,47
DA:45,2
DA:48,47
DA:56,21
DA:60,1
DA:74,26
DA:76,32
DA:77,6
DA:78,6
DA:105,0
DA:124,3
LF:23
LH:22
BRDA:38,0,0,1
BRDA:38,0,1,6
BRDA:39,1,0,1
BRDA:39,1,1,5
BRDA:40,2,0,5
BRDA:40,2,1,1
BRDA:76,3,0,6
BRDA:76,3,1,26
BRDA:76,4,0,32
BRDA:76,4,1,27
BRDA:86,5,0,47
BRDA:86,5,1,46
BRF:12
BRH:12
end_of_record
TN:
SF:src\components\JobHistory.tsx
FN:22,formatDate
FN:28,JobHistory
FN:34,(anonymous_2)
FN:46,(anonymous_3)
FN:54,(anonymous_4)
FN:54,(anonymous_5)
FN:83,(anonymous_6)
FN:88,(anonymous_7)
FNF:8
FNH:8
FNDA:1,formatDate
FNDA:18,JobHistory
FNDA:4,(anonymous_2)
FNDA:10,(anonymous_3)
FNDA:4,(anonymous_4)
FNDA:4,(anonymous_5)
FNDA:1,(anonymous_6)
FNDA:1,(anonymous_7)
DA:13,1
DA:23,1
DA:29,18
DA:30,18
DA:31,18
DA:32,18
DA:34,18
DA:35,4
DA:36,4
DA:37,4
DA:38,3
DA:42,4
DA:46,18
DA:47,10
DA:50,18
DA:54,4
DA:84,1
DA:88,1
LF:18
LH:18
BRDA:47,0,0,4
BRDA:47,0,1,6
BRDA:60,1,0,18
BRDA:60,1,1,2
BRDA:63,2,0,18
BRDA:63,2,1,12
BRDA:66,3,0,11
BRDA:66,3,1,1
BRDA:75,4,0,4
BRDA:75,4,1,8
BRDA:79,5,0,11
BRDA:79,5,1,1
BRDA:87,6,0,0
BRDA:87,6,1,1
BRDA:90,7,0,1
BRDA:90,7,1,0
BRDA:94,8,0,1
BRDA:94,8,1,0
BRF:18
BRH:15
end_of_record
TN:
SF:src\components\LanguageToggle.tsx
FN:5,LanguageToggle
FN:12,(anonymous_1)
FNF:2
FNH:2
FNDA:3,LanguageToggle
FNDA:1,(anonymous_1)
DA:6,3
DA:8,3
DA:12,1
LF:3
LH:3
BRDA:12,0,0,1
BRDA:12,0,1,0
BRDA:15,1,0,2
BRDA:15,1,1,1
BRDA:16,2,0,2
BRDA:16,2,1,1
BRDA:17,3,0,2
BRDA:17,3,1,1
BRDA:19,4,0,2
BRDA:19,4,1,1
BRF:10
BRH:9
end_of_record
TN:
SF:src\components\ProgressPanel.tsx
FN:18,(anonymous_0)
FN:20,ProgressPanel
FN:140,(anonymous_2)
FNF:3
FNH:2
FNDA:2,(anonymous_0)
FNDA:8,ProgressPanel
FNDA:0,(anonymous_2)
DA:18,2
DA:21,8
DA:22,8
DA:23,8
DA:26,8
DA:33,8
DA:141,0
LF:7
LH:6
BRDA:22,0,0,8
BRDA:22,0,1,8
BRDA:26,1,0,0
BRDA:26,1,1,8
BRDA:27,2,0,1
BRDA:27,2,1,7
BRDA:28,3,0,0
BRDA:28,3,1,7
BRDA:29,4,0,6
BRDA:29,4,1,1
BRDA:30,5,0,1
BRDA:30,5,1,0
BRDA:37,6,0,8
BRDA:37,6,1,1
BRDA:38,7,0,8
BRDA:38,7,1,7
BRDA:38,7,2,6
BRDA:39,8,0,8
BRDA:39,8,1,1
BRDA:40,9,0,8
BRDA:40,9,1,0
BRDA:46,10,0,8
BRDA:46,10,1,7
BRDA:46,10,2,6
BRDA:46,10,3,1
BRDA:51,11,0,8
BRDA:51,11,1,7
BRDA:51,11,2,1
BRDA:51,11,3,1
BRDA:56,12,0,8
BRDA:56,12,1,7
BRDA:56,12,2,2
BRDA:74,13,0,1
BRDA:74,13,1,7
BRDA:87,14,0,8
BRDA:87,14,1,7
BRDA:87,14,2,1
BRDA:94,15,0,1
BRDA:94,15,1,0
BRDA:102,16,0,1
BRDA:102,16,1,0
BRDA:107,17,0,8
BRDA:107,17,1,0
BRDA:114,18,0,8
BRDA:114,18,1,0
BRDA:120,19,0,8
BRDA:120,19,1,0
BRDA:126,20,0,8
BRDA:126,20,1,0
BRDA:138,21,0,8
BRDA:138,21,1,7
BRDA:138,21,2,0
BRF:52
BRH:41
end_of_record
TN:
SF:src\components\ThemeToggle.tsx
FN:12,ThemeToggle
FNF:1
FNH:1
FNDA:3,ThemeToggle
DA:13,3
DA:14,3
DA:15,3
LF:3
LH:3
BRDA:27,0,0,2
BRDA:27,0,1,1
BRF:2
BRH:2
end_of_record
TN:
SF:src\hooks\useExtraction.ts
FN:21,phaseForStatus
FN:27,useExtraction
FN:33,(anonymous_2)
FN:36,(anonymous_3)
FN:40,(anonymous_4)
FN:45,(anonymous_5)
FN:57,(anonymous_6)
FN:65,(anonymous_7)
FN:67,(anonymous_8)
FN:73,(anonymous_9)
FN:75,(anonymous_10)
FN:79,(anonymous_11)
FN:81,(anonymous_12)
FN:85,(anonymous_13)
FN:92,(anonymous_14)
FN:98,(anonymous_15)
FN:102,(anonymous_16)
FN:109,(anonymous_17)
FNF:18
FNH:16
FNDA:8,phaseForStatus
FNDA:42,useExtraction
FNDA:12,(anonymous_2)
FNDA:5,(anonymous_3)
FNDA:1,(anonymous_4)
FNDA:13,(anonymous_5)
FNDA:1,(anonymous_6)
FNDA:2,(anonymous_7)
FNDA:1,(anonymous_8)
FNDA:2,(anonymous_9)
FNDA:0,(anonymous_10)
FNDA:1,(anonymous_11)
FNDA:0,(anonymous_12)
FNDA:1,(anonymous_13)
FNDA:3,(anonymous_14)
FNDA:2,(anonymous_15)
FNDA:2,(anonymous_16)
FNDA:3,(anonymous_17)
DA:22,8
DA:23,4
DA:24,3
DA:28,42
DA:29,42
DA:30,42
DA:31,42
DA:33,42
DA:34,12
DA:35,12
DA:38,5
DA:39,5
DA:41,1
DA:45,42
DA:46,13
DA:47,12
DA:48,12
DA:50,12
DA:51,12
DA:52,11
DA:53,11
DA:54,11
DA:56,1
DA:57,1
DA:65,42
DA:66,2
DA:67,2
DA:69,2
DA:70,2
DA:73,42
DA:74,2
DA:75,1
DA:79,42
DA:80,1
DA:81,1
DA:85,42
DA:86,1
DA:87,1
DA:88,1
DA:89,1
DA:92,42
DA:93,3
DA:98,42
DA:99,2
DA:102,42
DA:103,2
DA:109,42
DA:110,3
DA:111,3
DA:112,3
DA:113,3
DA:114,3
DA:115,1
DA:119,42
LF:54
LH:54
BRDA:22,0,0,4
BRDA:22,0,1,4
BRDA:22,1,0,8
BRDA:22,1,1,5
BRDA:23,2,0,1
BRDA:23,2,1,3
BRDA:46,3,0,1
BRDA:46,3,1,12
BRDA:58,4,0,1
BRDA:58,4,1,1
BRDA:59,5,0,1
BRDA:59,5,1,0
BRDA:66,6,0,2
BRDA:66,6,1,0
BRDA:74,7,0,1
BRDA:74,7,1,1
BRDA:80,8,0,1
BRDA:80,8,1,0
BRDA:93,9,0,2
BRDA:93,9,1,1
BRDA:99,10,0,1
BRDA:99,10,1,1
BRDA:103,11,0,1
BRDA:103,11,1,1
BRDA:114,12,0,1
BRDA:114,12,1,2
BRDA:114,13,0,3
BRDA:114,13,1,3
BRDA:114,13,2,2
BRF:29
BRH:26
end_of_record
TN:
SF:src\hooks\useKeyboardShortcuts.ts
FN:9,isTypingTarget
FN:15,useKeyboardShortcuts
FN:16,(anonymous_2)
FN:17,(anonymous_3)
FN:39,(anonymous_4)
FNF:5
FNH:5
FNDA:12,isTypingTarget
FNDA:9,useKeyboardShortcuts
FNDA:9,(anonymous_2)
FNDA:14,(anonymous_3)
FNDA:9,(anonymous_4)
DA:10,12
DA:11,12
DA:12,12
DA:16,9
DA:17,9
DA:18,14
DA:20,14
DA:21,2
DA:22,2
DA:27,12
DA:29,8
DA:30,2
DA:31,2
DA:32,6
DA:33,1
DA:34,1
DA:38,9
DA:39,9
LF:18
LH:18
BRDA:10,0,0,0
BRDA:10,0,1,12
BRDA:12,1,0,12
BRDA:12,1,1,10
BRDA:12,1,2,8
BRDA:18,2,0,14
BRDA:18,2,1,4
BRDA:20,3,0,2
BRDA:20,3,1,12
BRDA:20,4,0,14
BRDA:20,4,1,2
BRDA:27,5,0,4
BRDA:27,5,1,8
BRDA:29,6,0,2
BRDA:29,6,1,6
BRDA:29,7,0,8
BRDA:29,7,1,8
BRDA:29,7,2,2
BRDA:32,8,0,1
BRDA:32,8,1,5
BRDA:32,9,0,6
BRDA:32,9,1,6
BRDA:32,9,2,1
BRF:23
BRH:22
end_of_record
TN:
SF:src\hooks\useModalA11y.ts
FN:25,useModalA11y
FN:29,(anonymous_1)
FN:40,(anonymous_2)
FN:47,(anonymous_3)
FN:51,(anonymous_4)
FN:78,(anonymous_5)
FNF:6
FNH:6
FNDA:47,useModalA11y
FNDA:39,(anonymous_1)
FNDA:45,(anonymous_2)
FNDA:31,(anonymous_3)
FNDA:22,(anonymous_4)
FNDA:13,(anonymous_5)
DA:3,2
DA:26,47
DA:27,47
DA:29,47
DA:30,39
DA:32,13
DA:33,13
DA:40,13
DA:41,45
DA:42,45
DA:47,13
DA:48,31
DA:49,13
DA:51,39
DA:52,22
DA:53,3
DA:54,3
DA:55,3
DA:57,19
DA:59,18
DA:60,18
DA:61,1
DA:62,1
DA:64,17
DA:65,17
DA:66,17
DA:68,17
DA:69,1
DA:70,1
DA:71,16
DA:72,11
DA:73,11
DA:77,39
DA:78,39
DA:79,13
DA:80,13
DA:84,47
LF:37
LH:37
BRDA:30,0,0,26
BRDA:30,0,1,13
BRDA:41,1,0,0
BRDA:41,1,1,45
BRDA:41,2,0,45
BRDA:41,2,1,45
BRDA:42,3,0,0
BRDA:42,3,1,45
BRDA:48,4,0,31
BRDA:48,4,1,0
BRDA:49,5,0,13
BRDA:49,5,1,2
BRDA:52,6,0,3
BRDA:52,6,1,19
BRDA:57,7,0,1
BRDA:57,7,1,18
BRDA:60,8,0,1
BRDA:60,8,1,17
BRDA:68,9,0,1
BRDA:68,9,1,16
BRDA:68,10,0,17
BRDA:68,10,1,1
BRDA:68,10,2,0
BRDA:71,11,0,11
BRDA:71,11,1,5
BRDA:71,12,0,16
BRDA:71,12,1,16
BRF:27
BRH:23
end_of_record
TN:
SF:src\hooks\useTheme.ts
FN:7,getInitialTheme
FN:13,useTheme
FN:16,(anonymous_2)
FN:21,(anonymous_3)
FN:22,(anonymous_4)
FNF:5
FNH:5
FNDA:6,getInitialTheme
FNDA:10,useTheme
FNDA:10,(anonymous_2)
FNDA:4,(anonymous_3)
FNDA:4,(anonymous_4)
DA:5,1
DA:8,6
DA:9,6
DA:10,5
DA:14,10
DA:16,10
DA:17,10
DA:18,10
DA:21,10
DA:22,4
DA:25,10
LF:11
LH:11
BRDA:9,0,0,1
BRDA:9,0,1,5
BRDA:9,1,0,6
BRDA:9,1,1,6
BRDA:10,2,0,1
BRDA:10,2,1,4
BRDA:22,3,0,3
BRDA:22,3,1,1
BRF:8
BRH:8
end_of_record
